{
  "RSpec": {
    "coverage": {
      "/Users/kynasaur/Desktop/my_projects/project-forks/C3Projects--AdaCooks/spec/controllers/cookbooks_controller_spec.rb": [
        1,
        null,
        1,
        null,
        null
      ],
      "/Users/kynasaur/Desktop/my_projects/project-forks/C3Projects--AdaCooks/spec/rails_helper.rb": [
        null,
        1,
        1,
        null,
        1,
        1,
        1,
        null,
        null,
        null,
        null,
        null,
        null,
        null,
        null,
        null,
        null,
        null,
        null,
        null,
        null,
        null,
        null,
        null,
        null,
        null,
        1,
        null,
        1,
        null,
        1,
        null,
        null,
        null,
        null,
        1,
        null,
        null,
        null,
        null,
        null,
        null,
        null,
        null,
        null,
        null,
        null,
        null,
        null,
        null,
        1,
        null
      ],
      "/Users/kynasaur/Desktop/my_projects/project-forks/C3Projects--AdaCooks/config/environment.rb": [
        null,
        1,
        null,
        null,
        1
      ],
      "/Users/kynasaur/Desktop/my_projects/project-forks/C3Projects--AdaCooks/config/application.rb": [
        1,
        null,
        1,
        null,
        null,
        null,
        1,
        null,
        1,
        1,
        null,
        null,
        null,
        null,
        null,
        null,
        null,
        null,
        null,
        null,
        null,
        null,
        null,
        1,
        null,
        null
      ],
      "/Users/kynasaur/Desktop/my_projects/project-forks/C3Projects--AdaCooks/config/boot.rb": [
        1,
        null,
        1
      ],
      "/Users/kynasaur/Desktop/my_projects/project-forks/C3Projects--AdaCooks/config/environments/test.rb": [
        1,
        null,
        null,
        null,
        null,
        null,
        null,
        1,
        null,
        null,
        null,
        null,
        1,
        null,
        null,
        1,
        1,
        null,
        null,
        1,
        1,
        null,
        null,
        1,
        null,
        null,
        1,
        null,
        null,
        null,
        null,
        1,
        null,
        null,
        1,
        null,
        null,
        1,
        null,
        null,
        null,
        null
      ],
      "/Users/kynasaur/Desktop/my_projects/project-forks/C3Projects--AdaCooks/config/initializers/assets.rb": [
        null,
        null,
        null,
        1,
        null,
        null,
        null,
        null,
        null,
        null,
        null
      ],
      "/Users/kynasaur/Desktop/my_projects/project-forks/C3Projects--AdaCooks/config/initializers/backtrace_silencers.rb": [
        null,
        null,
        null,
        null,
        null,
        null,
        null
      ],
      "/Users/kynasaur/Desktop/my_projects/project-forks/C3Projects--AdaCooks/config/initializers/cookies_serializer.rb": [
        null,
        null,
        1
      ],
      "/Users/kynasaur/Desktop/my_projects/project-forks/C3Projects--AdaCooks/config/initializers/filter_parameter_logging.rb": [
        null,
        null,
        null,
        1
      ],
      "/Users/kynasaur/Desktop/my_projects/project-forks/C3Projects--AdaCooks/config/initializers/inflections.rb": [
        null,
        null,
        null,
        null,
        null,
        null,
        null,
        null,
        null,
        null,
        null,
        null,
        null,
        null,
        null,
        null
      ],
      "/Users/kynasaur/Desktop/my_projects/project-forks/C3Projects--AdaCooks/config/initializers/mime_types.rb": [
        null,
        null,
        null,
        null
      ],
      "/Users/kynasaur/Desktop/my_projects/project-forks/C3Projects--AdaCooks/config/initializers/session_store.rb": [
        null,
        null,
        1
      ],
      "/Users/kynasaur/Desktop/my_projects/project-forks/C3Projects--AdaCooks/config/initializers/wrap_parameters.rb": [
        null,
        null,
        null,
        null,
        null,
        null,
        1,
        1,
        null,
        null,
        null,
        null,
        null,
        null
      ],
      "/Users/kynasaur/Desktop/my_projects/project-forks/C3Projects--AdaCooks/spec/factories.rb": [
        1,
        1,
        1,
        1,
        null,
        null
      ],
      "/Users/kynasaur/Desktop/my_projects/project-forks/C3Projects--AdaCooks/config/routes.rb": [
        1,
        null,
        null,
        null,
        null,
        null,
        null,
        null,
        null,
        null,
        null,
        null,
        null,
        null,
        null,
        null,
        null,
        null,
        null,
        null,
        null,
        null,
        null,
        null,
        null,
        null,
        null,
        null,
        null,
        null,
        null,
        null,
        null,
        null,
        null,
        null,
        null,
        null,
        null,
        null,
        null,
        null,
        null,
        null,
        null,
        null,
        null,
        null,
        null,
        null,
        null,
        null,
        null,
        null,
        null,
        null
      ],
      "/Users/kynasaur/Desktop/my_projects/project-forks/C3Projects--AdaCooks/app/helpers/application_helper.rb": [
        1,
        null
      ],
      "/Users/kynasaur/Desktop/my_projects/project-forks/C3Projects--AdaCooks/app/helpers/cookbooks_helper.rb": [
        1,
        null
      ],
      "/Users/kynasaur/Desktop/my_projects/project-forks/C3Projects--AdaCooks/app/helpers/ingredients_helper.rb": [
        1,
        null
      ],
      "/Users/kynasaur/Desktop/my_projects/project-forks/C3Projects--AdaCooks/app/helpers/recipes_helper.rb": [
        1,
        null
      ],
      "/Users/kynasaur/Desktop/my_projects/project-forks/C3Projects--AdaCooks/app/helpers/sessions_helper.rb": [
        1,
        null
      ],
      "/Users/kynasaur/Desktop/my_projects/project-forks/C3Projects--AdaCooks/app/helpers/users_helper.rb": [
        1,
        null
      ],
      "/Users/kynasaur/Desktop/my_projects/project-forks/C3Projects--AdaCooks/app/controllers/cookbooks_controller.rb": [
        1,
        null
      ],
      "/Users/kynasaur/Desktop/my_projects/project-forks/C3Projects--AdaCooks/app/controllers/application_controller.rb": [
        1,
        null,
        null,
        1,
        null
      ],
      "/Users/kynasaur/Desktop/my_projects/project-forks/C3Projects--AdaCooks/spec/controllers/ingredients_controller_spec.rb": [
        1,
        null,
        1,
        null,
        null
      ],
      "/Users/kynasaur/Desktop/my_projects/project-forks/C3Projects--AdaCooks/app/controllers/ingredients_controller.rb": [
        1,
        null
      ],
      "/Users/kynasaur/Desktop/my_projects/project-forks/C3Projects--AdaCooks/spec/controllers/recipes_controller_spec.rb": [
        1,
        null,
        1,
        null,
        null
      ],
      "/Users/kynasaur/Desktop/my_projects/project-forks/C3Projects--AdaCooks/app/controllers/recipes_controller.rb": [
        1,
        1,
        0,
        null,
        null,
        1,
        0,
        null,
        null,
        null
      ],
      "/Users/kynasaur/Desktop/my_projects/project-forks/C3Projects--AdaCooks/spec/controllers/sessions_controller_spec.rb": [
        1,
        null,
        1,
        null,
        null
      ],
      "/Users/kynasaur/Desktop/my_projects/project-forks/C3Projects--AdaCooks/app/controllers/sessions_controller.rb": [
        1,
        1,
        0,
        null,
        0,
        0,
        0,
        null,
        0,
        0,
        null,
        null,
        null,
        1,
        0,
        0,
        null,
        null
      ],
      "/Users/kynasaur/Desktop/my_projects/project-forks/C3Projects--AdaCooks/spec/controllers/users_controller_spec.rb": [
        1,
        null,
        1,
        null,
        null
      ],
      "/Users/kynasaur/Desktop/my_projects/project-forks/C3Projects--AdaCooks/app/controllers/users_controller.rb": [
        1,
        1,
        0,
        null,
        null,
        1,
        0,
        0,
        0,
        null,
        0,
        null,
        null,
        null,
        1,
        0,
        0,
        0,
        null,
        null,
        1,
        null,
        1,
        0,
        null,
        null
      ],
      "/Users/kynasaur/Desktop/my_projects/project-forks/C3Projects--AdaCooks/spec/helpers/cookbooks_helper_spec.rb": [
        1,
        null,
        null,
        null,
        null,
        null,
        null,
        null,
        null,
        null,
        null,
        null,
        1,
        1,
        null
      ],
      "/Users/kynasaur/Desktop/my_projects/project-forks/C3Projects--AdaCooks/spec/helpers/ingredients_helper_spec.rb": [
        1,
        null,
        null,
        null,
        null,
        null,
        null,
        null,
        null,
        null,
        null,
        null,
        1,
        1,
        null
      ],
      "/Users/kynasaur/Desktop/my_projects/project-forks/C3Projects--AdaCooks/spec/helpers/recipes_helper_spec.rb": [
        1,
        null,
        null,
        null,
        null,
        null,
        null,
        null,
        null,
        null,
        null,
        null,
        1,
        1,
        null
      ],
      "/Users/kynasaur/Desktop/my_projects/project-forks/C3Projects--AdaCooks/spec/helpers/sessions_helper_spec.rb": [
        1,
        null,
        null,
        null,
        null,
        null,
        null,
        null,
        null,
        null,
        null,
        null,
        1,
        1,
        null
      ],
      "/Users/kynasaur/Desktop/my_projects/project-forks/C3Projects--AdaCooks/spec/helpers/users_helper_spec.rb": [
        1,
        null,
        null,
        null,
        null,
        null,
        null,
        null,
        null,
        null,
        null,
        null,
        1,
        1,
        null
      ],
      "/Users/kynasaur/Desktop/my_projects/project-forks/C3Projects--AdaCooks/spec/models/cookbook_spec.rb": [
        1,
        null,
        1,
        1,
        null
      ],
      "/Users/kynasaur/Desktop/my_projects/project-forks/C3Projects--AdaCooks/app/models/cookbook.rb": [
        1,
        1,
        1,
        1,
        null
      ],
      "/Users/kynasaur/Desktop/my_projects/project-forks/C3Projects--AdaCooks/spec/models/ingredient_spec.rb": [
        1,
        null,
        1,
        1,
        null
      ],
      "/Users/kynasaur/Desktop/my_projects/project-forks/C3Projects--AdaCooks/app/models/ingredient.rb": [
        1,
        null,
        1,
        1,
        null,
        1,
        null,
        null
      ],
      "/Users/kynasaur/Desktop/my_projects/project-forks/C3Projects--AdaCooks/spec/models/recipe_spec.rb": [
        1,
        null,
        1,
        1,
        1,
        null,
        0,
        0,
        0,
        null,
        null,
        0,
        0,
        0,
        null,
        null,
        null,
        null,
        null,
        null,
        null
      ],
      "/Users/kynasaur/Desktop/my_projects/project-forks/C3Projects--AdaCooks/app/models/recipe.rb": [
        1,
        null,
        1,
        1,
        1,
        null,
        null,
        1,
        1,
        1,
        null
      ]
    },
    "timestamp": 1438040119
  }
}
