{
  "RSpec": {
    "coverage": {
      "/Users/cajugler/ada/project_forks/C3Projects--AdaCooks/spec/models/cookbook_spec.rb": [
        1,
        null,
        1,
        1,
        1,
        3,
        null,
        null,
        1,
        null,
        1,
        null,
        null,
        1,
        null,
        1,
        null,
        null,
        1,
        null,
        null,
        null,
        null,
        1,
        null,
        null,
        null
      ],
      "/Users/cajugler/ada/project_forks/C3Projects--AdaCooks/spec/rails_helper.rb": [
        null,
        1,
        1,
        null,
        1,
        1,
        1,
        null,
        null,
        null,
        null,
        null,
        null,
        null,
        null,
        null,
        null,
        null,
        null,
        null,
        null,
        null,
        null,
        null,
        null,
        null,
        1,
        null,
        1,
        null,
        1,
        null,
        1,
        null,
        null,
        null,
        null,
        1,
        null,
        null,
        null,
        null,
        null,
        null,
        null,
        null,
        null,
        null,
        null,
        null,
        null,
        null,
        1,
        null
      ],
      "/Users/cajugler/ada/project_forks/C3Projects--AdaCooks/config/environment.rb": [
        null,
        1,
        null,
        null,
        1
      ],
      "/Users/cajugler/ada/project_forks/C3Projects--AdaCooks/config/application.rb": [
        1,
        null,
        1,
        null,
        1,
        null,
        null,
        null,
        1,
        null,
        1,
        1,
        null,
        null,
        null,
        null,
        null,
        null,
        null,
        null,
        null,
        null,
        null,
        null,
        null,
        1,
        null,
        null
      ],
      "/Users/cajugler/ada/project_forks/C3Projects--AdaCooks/config/boot.rb": [
        1,
        null,
        1
      ],
      "/Users/cajugler/ada/project_forks/C3Projects--AdaCooks/config/environments/test.rb": [
        1,
        null,
        null,
        null,
        null,
        null,
        null,
        1,
        null,
        null,
        null,
        null,
        1,
        null,
        null,
        1,
        1,
        null,
        null,
        1,
        1,
        null,
        null,
        1,
        null,
        null,
        1,
        null,
        null,
        null,
        null,
        1,
        null,
        null,
        1,
        null,
        null,
        1,
        null,
        null,
        null,
        null
      ],
      "/Users/cajugler/ada/project_forks/C3Projects--AdaCooks/config/initializers/assets.rb": [
        null,
        null,
        null,
        1,
        null,
        null,
        null,
        null,
        null,
        null,
        null
      ],
      "/Users/cajugler/ada/project_forks/C3Projects--AdaCooks/config/initializers/backtrace_silencers.rb": [
        null,
        null,
        null,
        null,
        null,
        null,
        null
      ],
      "/Users/cajugler/ada/project_forks/C3Projects--AdaCooks/config/initializers/cookies_serializer.rb": [
        null,
        null,
        1
      ],
      "/Users/cajugler/ada/project_forks/C3Projects--AdaCooks/config/initializers/filter_parameter_logging.rb": [
        null,
        null,
        null,
        1
      ],
      "/Users/cajugler/ada/project_forks/C3Projects--AdaCooks/config/initializers/inflections.rb": [
        null,
        null,
        null,
        null,
        null,
        null,
        null,
        null,
        null,
        null,
        null,
        null,
        null,
        null,
        null,
        null
      ],
      "/Users/cajugler/ada/project_forks/C3Projects--AdaCooks/config/initializers/mime_types.rb": [
        null,
        null,
        null,
        null
      ],
      "/Users/cajugler/ada/project_forks/C3Projects--AdaCooks/config/initializers/session_store.rb": [
        null,
        null,
        1
      ],
      "/Users/cajugler/ada/project_forks/C3Projects--AdaCooks/config/initializers/wrap_parameters.rb": [
        null,
        null,
        null,
        null,
        null,
        null,
        1,
        1,
        null,
        null,
        null,
        null,
        null,
        null
      ],
      "/Users/cajugler/ada/project_forks/C3Projects--AdaCooks/app/controllers/application_controller.rb": [
        1,
        null,
        null,
        1,
        null
      ],
      "/Users/cajugler/ada/project_forks/C3Projects--AdaCooks/app/helpers/application_helper.rb": [
        1,
        null
      ],
      "/Users/cajugler/ada/project_forks/C3Projects--AdaCooks/app/models/cookbook.rb": [
        1,
        null,
        1,
        1,
        1,
        null,
        null,
        1,
        null
      ],
      "/Users/cajugler/ada/project_forks/C3Projects--AdaCooks/app/models/ingredient.rb": [
        1,
        1,
        null,
        null,
        1,
        1,
        null,
        null,
        1,
        null
      ],
      "/Users/cajugler/ada/project_forks/C3Projects--AdaCooks/app/uploaders/image_uploader.rb": [
        null,
        null,
        1,
        null,
        null,
        null,
        null,
        null,
        null,
        1,
        null,
        null,
        null,
        null,
        1,
        0,
        null,
        null,
        null,
        null,
        null,
        null,
        null,
        null,
        null,
        null,
        null,
        null,
        null,
        null,
        null,
        null,
        null,
        null,
        null,
        null,
        null,
        null,
        null,
        null,
        null,
        null,
        null,
        null,
        null,
        null,
        null,
        null,
        null,
        null,
        null
      ],
      "/Users/cajugler/ada/project_forks/C3Projects--AdaCooks/app/models/recipe.rb": [
        1,
        1,
        null,
        1,
        1,
        1,
        null,
        null,
        1,
        1,
        null,
        null,
        null,
        null
      ],
      "/Users/cajugler/ada/project_forks/C3Projects--AdaCooks/app/models/user.rb": [
        1,
        1,
        null,
        null,
        1,
        1,
        1,
        null,
        null,
        1,
        1,
        null
      ],
      "/Users/cajugler/ada/project_forks/C3Projects--AdaCooks/spec/factories/cookbooks.rb": [
        1,
        1,
        1,
        1,
        null,
        null,
        null
      ],
      "/Users/cajugler/ada/project_forks/C3Projects--AdaCooks/spec/factories/ingredients.rb": [
        1,
        1,
        1,
        1,
        null,
        null,
        null
      ],
      "/Users/cajugler/ada/project_forks/C3Projects--AdaCooks/spec/factories/recipes.rb": [
        1,
        1,
        1,
        1,
        1,
        1,
        null,
        null,
        null
      ],
      "/Users/cajugler/ada/project_forks/C3Projects--AdaCooks/spec/factories/users.rb": [
        1,
        1,
        1,
        1,
        1,
        null,
        null,
        null
      ],
      "/Users/cajugler/ada/project_forks/C3Projects--AdaCooks/config/routes.rb": [
        1,
        null,
        null,
        null,
        null,
        null,
        null,
        null,
        null,
        null,
        null,
        null,
        null,
        null,
        null,
        null,
        null,
        null,
        null,
        null,
        null,
        null,
        null,
        null,
        null,
        null,
        null,
        null,
        null,
        null,
        null,
        null,
        null,
        null,
        null,
        null,
        null,
        null,
        null,
        null,
        null,
        null,
        null,
        null,
        null,
        null,
        null,
        null,
        null,
        null,
        null,
        null,
        null,
        null,
        null,
        null
      ]
    },
    "timestamp": 1438056315
  }
}
